{"/home/naul2354/devops-book/ch4/sample-app/app.js": {"path":"/home/naul2354/devops-book/ch4/sample-app/app.js","statementMap":{"0":{"start":{"line":1,"column":16},"end":{"line":1,"column":34}},"1":{"start":{"line":3,"column":12},"end":{"line":3,"column":21}},"2":{"start":{"line":5,"column":0},"end":{"line":7,"column":3}},"3":{"start":{"line":6,"column":2},"end":{"line":6,"column":28}},"4":{"start":{"line":9,"column":0},"end":{"line":9,"column":21}}},"fnMap":{"0":{"name":"(anonymous_0)","decl":{"start":{"line":5,"column":13},"end":{"line":5,"column":14}},"loc":{"start":{"line":5,"column":27},"end":{"line":7,"column":1}},"line":5}},"branchMap":{},"s":{"0":1,"1":1,"2":1,"3":1,"4":1},"f":{"0":1},"b":{},"_coverageSchema":"1a1c01bbd47fc00a2c39e90264f33305004495a9","hash":"a8ee9336b57306116a7b22f88c24940850e66829"}
,"/home/naul2354/devops-book/ch4/sample-app/reverse.js": {"path":"/home/naul2354/devops-book/ch4/sample-app/reverse.js","statementMap":{"0":{"start":{"line":2,"column":4},"end":{"line":6,"column":17}},"1":{"start":{"line":10,"column":4},"end":{"line":13,"column":16}},"2":{"start":{"line":16,"column":2},"end":{"line":16,"column":53}}},"fnMap":{"0":{"name":"reverseWords","decl":{"start":{"line":1,"column":9},"end":{"line":1,"column":21}},"loc":{"start":{"line":1,"column":27},"end":{"line":7,"column":3}},"line":1},"1":{"name":"reverseCharacters","decl":{"start":{"line":9,"column":11},"end":{"line":9,"column":28}},"loc":{"start":{"line":9,"column":34},"end":{"line":14,"column":3}},"line":9}},"branchMap":{},"s":{"0":2,"1":1,"2":1},"f":{"0":2,"1":1},"b":{},"_coverageSchema":"1a1c01bbd47fc00a2c39e90264f33305004495a9","hash":"054fe3f866d72109221db0e4977217bb670901d3"}
}
